<?xml version="1.0" encoding="UTF-8"?>
<testng-results skipped="15" failed="0" total="15" passed="0">
  <reporter-output>
  </reporter-output>
  <suite name="Default suite" duration-ms="68189" started-at="2019-12-18T06:44:44Z" finished-at="2019-12-18T06:45:52Z">
    <groups>
    </groups>
    <test name="Default test" duration-ms="68189" started-at="2019-12-18T06:44:44Z" finished-at="2019-12-18T06:45:52Z">
      <class name="azhouqianqian.BackgroundTest">
        <test-method status="PASS" signature="doBeforeClass()[pri:0, instance:azhouqianqian.BackgroundTest@48140564]" name="doBeforeClass" is-config="true" duration-ms="63692" started-at="2019-12-18T14:44:44Z" finished-at="2019-12-18T14:45:48Z">
          <reporter-output>
          </reporter-output>
        </test-method> <!-- doBeforeClass -->
        <test-method status="FAIL" signature="backLogin()[pri:0, instance:azhouqianqian.BackgroundTest@48140564]" name="backLogin" is-config="true" duration-ms="0" started-at="2019-12-18T14:45:48Z" finished-at="2019-12-18T14:45:48Z">
          <exception class="java.lang.AssertionError">
            <message>
              <![CDATA[expected [true] but found [false]]]>
            </message>
            <full-stacktrace>
              <![CDATA[java.lang.AssertionError: expected [true] but found [false]
	at org.testng.Assert.fail(Assert.java:94)
	at org.testng.Assert.failNotEquals(Assert.java:513)
	at org.testng.Assert.assertTrue(Assert.java:42)
	at org.testng.Assert.assertTrue(Assert.java:52)
	at azhouqianqian.BackgroundTest.backLogin(BackgroundTest.java:26)
	at sun.reflect.NativeMethodAccessorImpl.invoke0(Native Method)
	at sun.reflect.NativeMethodAccessorImpl.invoke(NativeMethodAccessorImpl.java:62)
	at sun.reflect.DelegatingMethodAccessorImpl.invoke(DelegatingMethodAccessorImpl.java:43)
	at java.lang.reflect.Method.invoke(Method.java:498)
	at org.testng.internal.MethodInvocationHelper.invokeMethod(MethodInvocationHelper.java:86)
	at org.testng.internal.Invoker.invokeConfigurationMethod(Invoker.java:514)
	at org.testng.internal.Invoker.invokeConfigurations(Invoker.java:215)
	at org.testng.internal.Invoker.invokeMethod(Invoker.java:589)
	at org.testng.internal.Invoker.invokeTestMethod(Invoker.java:822)
	at org.testng.internal.Invoker.invokeTestMethods(Invoker.java:1130)
	at org.testng.internal.TestMethodWorker.invokeTestMethods(TestMethodWorker.java:129)
	at org.testng.internal.TestMethodWorker.run(TestMethodWorker.java:112)
	at org.testng.TestRunner.privateRun(TestRunner.java:782)
	at org.testng.TestRunner.run(TestRunner.java:632)
	at org.testng.SuiteRunner.runTest(SuiteRunner.java:366)
	at org.testng.SuiteRunner.runSequentially(SuiteRunner.java:361)
	at org.testng.SuiteRunner.privateRun(SuiteRunner.java:319)
	at org.testng.SuiteRunner.run(SuiteRunner.java:268)
	at org.testng.SuiteRunnerWorker.runSuite(SuiteRunnerWorker.java:52)
	at org.testng.SuiteRunnerWorker.run(SuiteRunnerWorker.java:86)
	at org.testng.TestNG.runSuitesSequentially(TestNG.java:1244)
	at org.testng.TestNG.runSuitesLocally(TestNG.java:1169)
	at org.testng.TestNG.run(TestNG.java:1064)
	at org.testng.remote.RemoteTestNG.run(RemoteTestNG.java:113)
	at org.testng.remote.RemoteTestNG.initAndRun(RemoteTestNG.java:206)
	at org.testng.remote.RemoteTestNG.main(RemoteTestNG.java:177)
]]>
            </full-stacktrace>
          </exception> <!-- java.lang.AssertionError -->
          <reporter-output>
          </reporter-output>
        </test-method> <!-- backLogin -->
        <test-method status="SKIP" signature="test_add3()[pri:0, instance:azhouqianqian.BackgroundTest@48140564]" name="test_add3" duration-ms="0" started-at="2019-12-18T14:45:52Z" finished-at="2019-12-18T14:45:52Z">
          <reporter-output>
          </reporter-output>
        </test-method> <!-- test_add3 -->
        <test-method status="SKIP" signature="test_add1()[pri:0, instance:azhouqianqian.BackgroundTest@48140564]" name="test_add1" duration-ms="0" started-at="2019-12-18T14:45:52Z" finished-at="2019-12-18T14:45:52Z">
          <reporter-output>
          </reporter-output>
        </test-method> <!-- test_add1 -->
        <test-method status="SKIP" signature="backLogin()[pri:0, instance:azhouqianqian.BackgroundTest@48140564]" name="backLogin" is-config="true" duration-ms="0" started-at="2019-12-18T14:45:52Z" finished-at="2019-12-18T14:45:52Z">
          <reporter-output>
          </reporter-output>
        </test-method> <!-- backLogin -->
        <test-method status="SKIP" signature="Show_list7()[pri:0, instance:azhouqianqian.BackgroundTest@48140564]" name="Show_list7" duration-ms="0" started-at="2019-12-18T14:45:52Z" finished-at="2019-12-18T14:45:52Z">
          <reporter-output>
          </reporter-output>
        </test-method> <!-- Show_list7 -->
        <test-method status="SKIP" signature="testAll6()[pri:0, instance:azhouqianqian.BackgroundTest@48140564]" name="testAll6" duration-ms="0" started-at="2019-12-18T14:45:52Z" finished-at="2019-12-18T14:45:52Z">
          <reporter-output>
          </reporter-output>
        </test-method> <!-- testAll6 -->
        <test-method status="SKIP" signature="backLogin()[pri:0, instance:azhouqianqian.BackgroundTest@48140564]" name="backLogin" is-config="true" duration-ms="0" started-at="2019-12-18T14:45:52Z" finished-at="2019-12-18T14:45:52Z">
          <reporter-output>
          </reporter-output>
        </test-method> <!-- backLogin -->
        <test-method status="SKIP" signature="backLogin()[pri:0, instance:azhouqianqian.BackgroundTest@48140564]" name="backLogin" is-config="true" duration-ms="0" started-at="2019-12-18T14:45:52Z" finished-at="2019-12-18T14:45:52Z">
          <reporter-output>
          </reporter-output>
        </test-method> <!-- backLogin -->
        <test-method status="SKIP" signature="backLogin()[pri:0, instance:azhouqianqian.BackgroundTest@48140564]" name="backLogin" is-config="true" duration-ms="0" started-at="2019-12-18T14:45:52Z" finished-at="2019-12-18T14:45:52Z">
          <reporter-output>
          </reporter-output>
        </test-method> <!-- backLogin -->
        <test-method status="SKIP" signature="backLogin()[pri:0, instance:azhouqianqian.BackgroundTest@48140564]" name="backLogin" is-config="true" duration-ms="0" started-at="2019-12-18T14:45:52Z" finished-at="2019-12-18T14:45:52Z">
          <reporter-output>
          </reporter-output>
        </test-method> <!-- backLogin -->
        <test-method status="SKIP" signature="test_add4()[pri:0, instance:azhouqianqian.BackgroundTest@48140564]" name="test_add4" duration-ms="0" started-at="2019-12-18T14:45:52Z" finished-at="2019-12-18T14:45:52Z">
          <reporter-output>
          </reporter-output>
        </test-method> <!-- test_add4 -->
        <test-method status="SKIP" signature="test_add2()[pri:0, instance:azhouqianqian.BackgroundTest@48140564]" name="test_add2" duration-ms="0" started-at="2019-12-18T14:45:52Z" finished-at="2019-12-18T14:45:52Z">
          <reporter-output>
          </reporter-output>
        </test-method> <!-- test_add2 -->
        <test-method status="SKIP" signature="backLogin()[pri:0, instance:azhouqianqian.BackgroundTest@48140564]" name="backLogin" is-config="true" duration-ms="0" started-at="2019-12-18T14:45:52Z" finished-at="2019-12-18T14:45:52Z">
          <reporter-output>
          </reporter-output>
        </test-method> <!-- backLogin -->
        <test-method status="SKIP" signature="test_show8()[pri:0, instance:azhouqianqian.BackgroundTest@48140564]" name="test_show8" duration-ms="0" started-at="2019-12-18T14:45:52Z" finished-at="2019-12-18T14:45:52Z">
          <reporter-output>
          </reporter-output>
        </test-method> <!-- test_show8 -->
        <test-method status="SKIP" signature="backLogin()[pri:0, instance:azhouqianqian.BackgroundTest@48140564]" name="backLogin" is-config="true" duration-ms="0" started-at="2019-12-18T14:45:52Z" finished-at="2019-12-18T14:45:52Z">
          <reporter-output>
          </reporter-output>
        </test-method> <!-- backLogin -->
        <test-method status="SKIP" signature="testindent1()[pri:0, instance:azhouqianqian.BackgroundTest@48140564]" name="testindent1" duration-ms="0" started-at="2019-12-18T14:45:52Z" finished-at="2019-12-18T14:45:52Z">
          <reporter-output>
          </reporter-output>
        </test-method> <!-- testindent1 -->
        <test-method status="SKIP" signature="test_add7()[pri:0, instance:azhouqianqian.BackgroundTest@48140564]" name="test_add7" duration-ms="0" started-at="2019-12-18T14:45:52Z" finished-at="2019-12-18T14:45:52Z">
          <reporter-output>
          </reporter-output>
        </test-method> <!-- test_add7 -->
        <test-method status="SKIP" signature="backLogin()[pri:0, instance:azhouqianqian.BackgroundTest@48140564]" name="backLogin" is-config="true" duration-ms="0" started-at="2019-12-18T14:45:52Z" finished-at="2019-12-18T14:45:52Z">
          <reporter-output>
          </reporter-output>
        </test-method> <!-- backLogin -->
        <test-method status="SKIP" signature="backLogin()[pri:0, instance:azhouqianqian.BackgroundTest@48140564]" name="backLogin" is-config="true" duration-ms="0" started-at="2019-12-18T14:45:52Z" finished-at="2019-12-18T14:45:52Z">
          <reporter-output>
          </reporter-output>
        </test-method> <!-- backLogin -->
        <test-method status="SKIP" signature="testindent2()[pri:0, instance:azhouqianqian.BackgroundTest@48140564]" name="testindent2" duration-ms="0" started-at="2019-12-18T14:45:52Z" finished-at="2019-12-18T14:45:52Z">
          <reporter-output>
          </reporter-output>
        </test-method> <!-- testindent2 -->
        <test-method status="SKIP" signature="test_add5()[pri:0, instance:azhouqianqian.BackgroundTest@48140564]" name="test_add5" duration-ms="0" started-at="2019-12-18T14:45:52Z" finished-at="2019-12-18T14:45:52Z">
          <reporter-output>
          </reporter-output>
        </test-method> <!-- test_add5 -->
        <test-method status="SKIP" signature="test_add6()[pri:0, instance:azhouqianqian.BackgroundTest@48140564]" name="test_add6" duration-ms="0" started-at="2019-12-18T14:45:52Z" finished-at="2019-12-18T14:45:52Z">
          <reporter-output>
          </reporter-output>
        </test-method> <!-- test_add6 -->
        <test-method status="SKIP" signature="backLogin()[pri:0, instance:azhouqianqian.BackgroundTest@48140564]" name="backLogin" is-config="true" duration-ms="0" started-at="2019-12-18T14:45:52Z" finished-at="2019-12-18T14:45:52Z">
          <reporter-output>
          </reporter-output>
        </test-method> <!-- backLogin -->
        <test-method status="SKIP" signature="backLogin()[pri:0, instance:azhouqianqian.BackgroundTest@48140564]" name="backLogin" is-config="true" duration-ms="0" started-at="2019-12-18T14:45:52Z" finished-at="2019-12-18T14:45:52Z">
          <reporter-output>
          </reporter-output>
        </test-method> <!-- backLogin -->
        <test-method status="SKIP" signature="backLogin()[pri:0, instance:azhouqianqian.BackgroundTest@48140564]" name="backLogin" is-config="true" duration-ms="0" started-at="2019-12-18T14:45:52Z" finished-at="2019-12-18T14:45:52Z">
          <reporter-output>
          </reporter-output>
        </test-method> <!-- backLogin -->
        <test-method status="SKIP" signature="testindent4()[pri:0, instance:azhouqianqian.BackgroundTest@48140564]" name="testindent4" duration-ms="0" started-at="2019-12-18T14:45:52Z" finished-at="2019-12-18T14:45:52Z">
          <reporter-output>
          </reporter-output>
        </test-method> <!-- testindent4 -->
        <test-method status="SKIP" signature="testindent5()[pri:0, instance:azhouqianqian.BackgroundTest@48140564]" name="testindent5" duration-ms="0" started-at="2019-12-18T14:45:52Z" finished-at="2019-12-18T14:45:52Z">
          <reporter-output>
          </reporter-output>
        </test-method> <!-- testindent5 -->
        <test-method status="SKIP" signature="testindent3()[pri:0, instance:azhouqianqian.BackgroundTest@48140564]" name="testindent3" duration-ms="0" started-at="2019-12-18T14:45:52Z" finished-at="2019-12-18T14:45:52Z">
          <reporter-output>
          </reporter-output>
        </test-method> <!-- testindent3 -->
        <test-method status="SKIP" signature="doAfterMethod()[pri:0, instance:azhouqianqian.BackgroundTest@48140564]" name="doAfterMethod" is-config="true" duration-ms="0" started-at="2019-12-18T14:45:52Z" finished-at="2019-12-18T14:45:52Z">
          <reporter-output>
          </reporter-output>
        </test-method> <!-- doAfterMethod -->
        <test-method status="SKIP" signature="backLogin()[pri:0, instance:azhouqianqian.BackgroundTest@48140564]" name="backLogin" is-config="true" duration-ms="0" started-at="2019-12-18T14:45:52Z" finished-at="2019-12-18T14:45:52Z">
          <reporter-output>
          </reporter-output>
        </test-method> <!-- backLogin -->
        <test-method status="SKIP" signature="backLogin()[pri:0, instance:azhouqianqian.BackgroundTest@48140564]" name="backLogin" is-config="true" duration-ms="0" started-at="2019-12-18T14:45:52Z" finished-at="2019-12-18T14:45:52Z">
          <reporter-output>
          </reporter-output>
        </test-method> <!-- backLogin -->
      </class> <!-- azhouqianqian.BackgroundTest -->
    </test> <!-- Default test -->
  </suite> <!-- Default suite -->
</testng-results>
