<?xml version="1.0" encoding="UTF-8"?>
<testng-results skipped="0" failed="0" total="1" passed="1">
  <reporter-output>
  </reporter-output>
  <suite name="Default suite" duration-ms="920" started-at="2019-12-18T07:35:21Z" finished-at="2019-12-18T07:35:22Z">
    <groups>
    </groups>
    <test name="Default test" duration-ms="920" started-at="2019-12-18T07:35:21Z" finished-at="2019-12-18T07:35:22Z">
      <class name="ch1218.addAddress1">
        <test-method status="PASS" signature="test1()[pri:0, instance:ch1218.addAddress1@7dc36524]" name="test1" duration-ms="920" started-at="2019-12-18T15:35:21Z" finished-at="2019-12-18T15:35:22Z">
          <reporter-output>
          </reporter-output>
        </test-method> <!-- test1 -->
      </class> <!-- ch1218.addAddress1 -->
    </test> <!-- Default test -->
  </suite> <!-- Default suite -->
</testng-results>
