<html>
<head>
<title>TestNG:  Default test</title>
<link href="../testng.css" rel="stylesheet" type="text/css" />
<link href="../my-testng.css" rel="stylesheet" type="text/css" />

<style type="text/css">
.log { display: none;} 
.stack-trace { display: none;} 
</style>
<script type="text/javascript">
<!--
function flip(e) {
  current = e.style.display;
  if (current == 'block') {
    e.style.display = 'none';
    return 0;
  }
  else {
    e.style.display = 'block';
    return 1;
  }
}

function toggleBox(szDivId, elem, msg1, msg2)
{
  var res = -1;  if (document.getElementById) {
    res = flip(document.getElementById(szDivId));
  }
  else if (document.all) {
    // this is the way old msie versions work
    res = flip(document.all[szDivId]);
  }
  if(elem) {
    if(res == 0) elem.innerHTML = msg1; else elem.innerHTML = msg2;
  }

}

function toggleAllBoxes() {
  if (document.getElementsByTagName) {
    d = document.getElementsByTagName('div');
    for (i = 0; i < d.length; i++) {
      if (d[i].className == 'log') {
        flip(d[i]);
      }
    }
  }
}

// -->
</script>

</head>
<body>
<h2 align='center'>Default test</h2><table border='1' align="center">
<tr>
<td>Tests passed/Failed/Skipped:</td><td>5/0/18</td>
</tr><tr>
<td>Started on:</td><td>Thu Apr 23 10:53:20 CST 2020</td>
</tr>
<tr><td>Total time:</td><td>150 seconds (150911 ms)</td>
</tr><tr>
<td>Included groups:</td><td></td>
</tr><tr>
<td>Excluded groups:</td><td></td>
</tr>
</table><p/>
<small><i>(Hover the method name to see the test class name)</i></small><p/>
<table width='100%' border='1' class='invocation-failed'>
<tr><td colspan='4' align='center'><b>FAILED CONFIGURATIONS</b></td></tr>
<tr><td><b>Test method</b></td>
<td width="30%"><b>Exception</b></td>
<td width="10%"><b>Time (seconds)</b></td>
<td><b>Instance</b></td>
</tr>
<tr>
<td title='lixuan.testcase.HomePageTest.login()'><b>login</b><br>Test class: lixuan.testcase.HomePageTest</td>
<td><div><pre>org.openqa.selenium.WebDriverException: An unknown server-side error occurred while processing the command. Original error: Could not proxy command to remote server. Original error: Error: socket hang up
Build info: version: &apos;3.141.59&apos;, revision: &apos;e82be7d358&apos;, time: &apos;2018-11-14T08:25:53&apos;
System info: host: &apos;LAPTOP-F5KEPJ0F&apos;, ip: &apos;169.254.41.41&apos;, os.name: &apos;Windows 10&apos;, os.arch: &apos;amd64&apos;, os.version: &apos;10.0&apos;, java.version: &apos;1.8.0_73&apos;
Driver info: io.appium.java_client.android.AndroidDriver
Capabilities {appActivity: .Host.WelcomeActivity, appPackage: com.example.lenovo.maandroid, databaseEnabled: false, desired: {appActivity: .Host.WelcomeActivity, appPackage: com.example.lenovo.maandroid, deviceName: bc9111f, noReset: true, platformName: android}, deviceApiLevel: 28, deviceManufacturer: vivo, deviceModel: V1813BT, deviceName: bc9111f, deviceScreenDensity: 480, deviceScreenSize: 1080x2280, deviceUDID: bc9111f, javascriptEnabled: true, locationContextEnabled: false, networkConnectionEnabled: true, noReset: true, pixelRatio: 3, platform: LINUX, platformName: Android, platformVersion: 9, statBarHeight: 84, takesScreenshot: true, viewportRect: {height: 2123, left: 0, top: 84, width: 1080}, warnings: {}, webStorageEnabled: false}
Session ID: b1c17669-424e-4b57-98aa-681d7c8fbfa2
*** Element info: {Using=id, value=et_userPhone}
	at sun.reflect.NativeConstructorAccessorImpl.newInstance0(Native Method)
	at sun.reflect.NativeConstructorAccessorImpl.newInstance(NativeConstructorAccessorImpl.java:62)
	at sun.reflect.DelegatingConstructorAccessorImpl.newInstance(DelegatingConstructorAccessorImpl.java:45)
	at java.lang.reflect.Constructor.newInstance(Constructor.java:422)
	at org.openqa.selenium.remote.http.W3CHttpResponseCodec.createException(W3CHttpResponseCodec.java:187)
	at org.openqa.selenium.remote.http.W3CHttpResponseCodec.decode(W3CHttpResponseCodec.java:122)
	at org.openqa.selenium.remote.http.W3CHttpResponseCodec.decode(W3CHttpResponseCodec.java:49)
	at org.openqa.selenium.remote.HttpCommandExecutor.execute(HttpCommandExecutor.java:158)
	at io.appium.java_client.remote.AppiumCommandExecutor.execute(AppiumCommandExecutor.java:239)
	at org.openqa.selenium.remote.RemoteWebDriver.execute(RemoteWebDriver.java:552)
	at io.appium.java_client.DefaultGenericMobileDriver.execute(DefaultGenericMobileDriver.java:41)
	at io.appium.java_client.AppiumDriver.execute(AppiumDriver.java:1)
	at io.appium.java_client.android.AndroidDriver.execute(AndroidDriver.java:1)
	at org.openqa.selenium.remote.RemoteWebDriver.findElement(RemoteWebDriver.java:323)
	at io.appium.java_client.DefaultGenericMobileDriver.findElement(DefaultGenericMobileDriver.java:61)
	at io.appium.java_client.AppiumDriver.findElement(AppiumDriver.java:1)
	at io.appium.java_client.android.AndroidDriver.findElement(AndroidDriver.java:1)
	at org.openqa.selenium.remote.RemoteWebDriver.findElementById(RemoteWebDriver.java:372)
	at io.appium.java_client.DefaultGenericMobileDriver.findElementById(DefaultGenericMobileDriver.java:69)
	at io.appium.java_client.AppiumDriver.findElementById(AppiumDriver.java:1)
	at io.appium.java_client.android.AndroidDriver.findElementById(AndroidDriver.java:1)
	at lixuan.pages.LoginPage.edit_username(LoginPage.java:18)
	at lixuan.pages.LoginPage.loginSuccess(LoginPage.java:31)
	at lixuan.testcase.HomePageTest.login(HomePageTest.java:21)
	at sun.reflect.NativeMethodAccessorImpl.invoke0(Native Method)
	at sun.reflect.NativeMethodAccessorImpl.invoke(NativeMethodAccessorImpl.java:62)
	at sun.reflect.DelegatingMethodAccessorImpl.invoke(DelegatingMethodAccessorImpl.java:43)
	at java.lang.reflect.Method.invoke(Method.java:497)
	at org.testng.internal.MethodInvocationHelper.invokeMethod(MethodInvocationHelper.java:86)
	at org.testng.internal.Invoker.invokeConfigurationMethod(Invoker.java:514)
	at org.testng.internal.Invoker.invokeConfigurations(Invoker.java:215)
	at org.testng.internal.Invoker.invokeMethod(Invoker.java:589)
	at org.testng.internal.Invoker.invokeTestMethod(Invoker.java:822)
	at org.testng.internal.Invoker.invokeTestMethods(Invoker.java:1130)
	at org.testng.internal.TestMethodWorker.invokeTestMethods(TestMethodWorker.java:129)
	at org.testng.internal.TestMethodWorker.run(TestMethodWorker.java:112)
	at org.testng.TestRunner.privateRun(TestRunner.java:782)
	at org.testng.TestRunner.run(TestRunner.java:632)
	at org.testng.SuiteRunner.runTest(SuiteRunner.java:366)
	at org.testng.SuiteRunner.runSequentially(SuiteRunner.java:361)
	at org.testng.SuiteRunner.privateRun(SuiteRunner.java:319)
	at org.testng.SuiteRunner.run(SuiteRunner.java:268)
	at org.testng.SuiteRunnerWorker.runSuite(SuiteRunnerWorker.java:52)
	at org.testng.SuiteRunnerWorker.run(SuiteRunnerWorker.java:86)
	at org.testng.TestNG.runSuitesSequentially(TestNG.java:1244)
	at org.testng.TestNG.runSuitesLocally(TestNG.java:1169)
	at org.testng.TestNG.run(TestNG.java:1064)
	at org.testng.remote.RemoteTestNG.run(RemoteTestNG.java:113)
	at org.testng.remote.RemoteTestNG.initAndRun(RemoteTestNG.java:206)
	at org.testng.remote.RemoteTestNG.main(RemoteTestNG.java:177)
</pre></div><a href='#' onClick='toggleBox("stack-trace1827303532", this, "Click to show all stack frames", "Click to hide stack frames")'>Click to show all stack frames</a>
<div class='stack-trace' id='stack-trace1827303532'><pre>org.openqa.selenium.WebDriverException: An unknown server-side error occurred while processing the command. Original error: Could not proxy command to remote server. Original error: Error: socket hang up
Build info: version: &apos;3.141.59&apos;, revision: &apos;e82be7d358&apos;, time: &apos;2018-11-14T08:25:53&apos;
System info: host: &apos;LAPTOP-F5KEPJ0F&apos;, ip: &apos;169.254.41.41&apos;, os.name: &apos;Windows 10&apos;, os.arch: &apos;amd64&apos;, os.version: &apos;10.0&apos;, java.version: &apos;1.8.0_73&apos;
Driver info: io.appium.java_client.android.AndroidDriver
Capabilities {appActivity: .Host.WelcomeActivity, appPackage: com.example.lenovo.maandroid, databaseEnabled: false, desired: {appActivity: .Host.WelcomeActivity, appPackage: com.example.lenovo.maandroid, deviceName: bc9111f, noReset: true, platformName: android}, deviceApiLevel: 28, deviceManufacturer: vivo, deviceModel: V1813BT, deviceName: bc9111f, deviceScreenDensity: 480, deviceScreenSize: 1080x2280, deviceUDID: bc9111f, javascriptEnabled: true, locationContextEnabled: false, networkConnectionEnabled: true, noReset: true, pixelRatio: 3, platform: LINUX, platformName: Android, platformVersion: 9, statBarHeight: 84, takesScreenshot: true, viewportRect: {height: 2123, left: 0, top: 84, width: 1080}, warnings: {}, webStorageEnabled: false}
Session ID: b1c17669-424e-4b57-98aa-681d7c8fbfa2
*** Element info: {Using=id, value=et_userPhone}
	at sun.reflect.NativeConstructorAccessorImpl.newInstance0(Native Method)
	at sun.reflect.NativeConstructorAccessorImpl.newInstance(NativeConstructorAccessorImpl.java:62)
	at sun.reflect.DelegatingConstructorAccessorImpl.newInstance(DelegatingConstructorAccessorImpl.java:45)
	at java.lang.reflect.Constructor.newInstance(Constructor.java:422)
	at org.openqa.selenium.remote.http.W3CHttpResponseCodec.createException(W3CHttpResponseCodec.java:187)
	at org.openqa.selenium.remote.http.W3CHttpResponseCodec.decode(W3CHttpResponseCodec.java:122)
	at org.openqa.selenium.remote.http.W3CHttpResponseCodec.decode(W3CHttpResponseCodec.java:49)
	at org.openqa.selenium.remote.HttpCommandExecutor.execute(HttpCommandExecutor.java:158)
	at io.appium.java_client.remote.AppiumCommandExecutor.execute(AppiumCommandExecutor.java:239)
	at org.openqa.selenium.remote.RemoteWebDriver.execute(RemoteWebDriver.java:552)
	at io.appium.java_client.DefaultGenericMobileDriver.execute(DefaultGenericMobileDriver.java:41)
	at io.appium.java_client.AppiumDriver.execute(AppiumDriver.java:1)
	at io.appium.java_client.android.AndroidDriver.execute(AndroidDriver.java:1)
	at org.openqa.selenium.remote.RemoteWebDriver.findElement(RemoteWebDriver.java:323)
	at io.appium.java_client.DefaultGenericMobileDriver.findElement(DefaultGenericMobileDriver.java:61)
	at io.appium.java_client.AppiumDriver.findElement(AppiumDriver.java:1)
	at io.appium.java_client.android.AndroidDriver.findElement(AndroidDriver.java:1)
	at org.openqa.selenium.remote.RemoteWebDriver.findElementById(RemoteWebDriver.java:372)
	at io.appium.java_client.DefaultGenericMobileDriver.findElementById(DefaultGenericMobileDriver.java:69)
	at io.appium.java_client.AppiumDriver.findElementById(AppiumDriver.java:1)
	at io.appium.java_client.android.AndroidDriver.findElementById(AndroidDriver.java:1)
	at lixuan.pages.LoginPage.edit_username(LoginPage.java:18)
	at lixuan.pages.LoginPage.loginSuccess(LoginPage.java:31)
	at lixuan.testcase.HomePageTest.login(HomePageTest.java:21)
	at sun.reflect.NativeMethodAccessorImpl.invoke0(Native Method)
	at sun.reflect.NativeMethodAccessorImpl.invoke(NativeMethodAccessorImpl.java:62)
	at sun.reflect.DelegatingMethodAccessorImpl.invoke(DelegatingMethodAccessorImpl.java:43)
	at java.lang.reflect.Method.invoke(Method.java:497)
	at org.testng.internal.MethodInvocationHelper.invokeMethod(MethodInvocationHelper.java:86)
	at org.testng.internal.Invoker.invokeConfigurationMethod(Invoker.java:514)
	at org.testng.internal.Invoker.invokeConfigurations(Invoker.java:215)
	at org.testng.internal.Invoker.invokeMethod(Invoker.java:589)
	at org.testng.internal.Invoker.invokeTestMethod(Invoker.java:822)
	at org.testng.internal.Invoker.invokeTestMethods(Invoker.java:1130)
	at org.testng.internal.TestMethodWorker.invokeTestMethods(TestMethodWorker.java:129)
	at org.testng.internal.TestMethodWorker.run(TestMethodWorker.java:112)
	at org.testng.TestRunner.privateRun(TestRunner.java:782)
	at org.testng.TestRunner.run(TestRunner.java:632)
	at org.testng.SuiteRunner.runTest(SuiteRunner.java:366)
	at org.testng.SuiteRunner.runSequentially(SuiteRunner.java:361)
	at org.testng.SuiteRunner.privateRun(SuiteRunner.java:319)
	at org.testng.SuiteRunner.run(SuiteRunner.java:268)
	at org.testng.SuiteRunnerWorker.runSuite(SuiteRunnerWorker.java:52)
	at org.testng.SuiteRunnerWorker.run(SuiteRunnerWorker.java:86)
	at org.testng.TestNG.runSuitesSequentially(TestNG.java:1244)
	at org.testng.TestNG.runSuitesLocally(TestNG.java:1169)
	at org.testng.TestNG.run(TestNG.java:1064)
	at org.testng.remote.RemoteTestNG.run(RemoteTestNG.java:113)
	at org.testng.remote.RemoteTestNG.initAndRun(RemoteTestNG.java:206)
	at org.testng.remote.RemoteTestNG.main(RemoteTestNG.java:177)
</pre></div></td>
<td>0</td>
<td>lixuan.testcase.HomePageTest@721e0f4f</td></tr>
</table><p>
<table width='100%' border='1' class='invocation-skipped'>
<tr><td colspan='4' align='center'><b>SKIPPED CONFIGURATIONS</b></td></tr>
<tr><td><b>Test method</b></td>
<td width="30%"><b>Exception</b></td>
<td width="10%"><b>Time (seconds)</b></td>
<td><b>Instance</b></td>
</tr>
<tr>
<td title='lixuan.testcase.HomePageTest.login()'><b>login</b><br>Test class: lixuan.testcase.HomePageTest</td>
<td></td>
<td>0</td>
<td>lixuan.testcase.HomePageTest@721e0f4f</td></tr>
<tr>
<td title='lixuan.testcase.HomePageTest.login()'><b>login</b><br>Test class: lixuan.testcase.HomePageTest</td>
<td></td>
<td>0</td>
<td>lixuan.testcase.HomePageTest@721e0f4f</td></tr>
<tr>
<td title='lixuan.testcase.HomePageTest.login()'><b>login</b><br>Test class: lixuan.testcase.HomePageTest</td>
<td></td>
<td>0</td>
<td>lixuan.testcase.HomePageTest@721e0f4f</td></tr>
<tr>
<td title='lixuan.testcase.HomePageTest.login()'><b>login</b><br>Test class: lixuan.testcase.HomePageTest</td>
<td></td>
<td>0</td>
<td>lixuan.testcase.HomePageTest@721e0f4f</td></tr>
<tr>
<td title='lixuan.testcase.HomePageTest.login()'><b>login</b><br>Test class: lixuan.testcase.HomePageTest</td>
<td></td>
<td>0</td>
<td>lixuan.testcase.HomePageTest@721e0f4f</td></tr>
<tr>
<td title='lixuan.testcase.HomePageTest.login()'><b>login</b><br>Test class: lixuan.testcase.HomePageTest</td>
<td></td>
<td>0</td>
<td>lixuan.testcase.HomePageTest@721e0f4f</td></tr>
<tr>
<td title='lixuan.testcase.HomePageTest.login()'><b>login</b><br>Test class: lixuan.testcase.HomePageTest</td>
<td></td>
<td>0</td>
<td>lixuan.testcase.HomePageTest@721e0f4f</td></tr>
<tr>
<td title='lixuan.testcase.HomePageTest.login()'><b>login</b><br>Test class: lixuan.testcase.HomePageTest</td>
<td></td>
<td>0</td>
<td>lixuan.testcase.HomePageTest@721e0f4f</td></tr>
<tr>
<td title='lixuan.testcase.HomePageTest.login()'><b>login</b><br>Test class: lixuan.testcase.HomePageTest</td>
<td></td>
<td>0</td>
<td>lixuan.testcase.HomePageTest@721e0f4f</td></tr>
<tr>
<td title='lixuan.testcase.HomePageTest.login()'><b>login</b><br>Test class: lixuan.testcase.HomePageTest</td>
<td></td>
<td>0</td>
<td>lixuan.testcase.HomePageTest@721e0f4f</td></tr>
<tr>
<td title='lixuan.testcase.HomePageTest.login()'><b>login</b><br>Test class: lixuan.testcase.HomePageTest</td>
<td></td>
<td>0</td>
<td>lixuan.testcase.HomePageTest@721e0f4f</td></tr>
<tr>
<td title='lixuan.testcase.HomePageTest.login()'><b>login</b><br>Test class: lixuan.testcase.HomePageTest</td>
<td></td>
<td>0</td>
<td>lixuan.testcase.HomePageTest@721e0f4f</td></tr>
<tr>
<td title='lixuan.testcase.HomePageTest.login()'><b>login</b><br>Test class: lixuan.testcase.HomePageTest</td>
<td></td>
<td>0</td>
<td>lixuan.testcase.HomePageTest@721e0f4f</td></tr>
<tr>
<td title='lixuan.testcase.HomePageTest.login()'><b>login</b><br>Test class: lixuan.testcase.HomePageTest</td>
<td></td>
<td>0</td>
<td>lixuan.testcase.HomePageTest@721e0f4f</td></tr>
<tr>
<td title='lixuan.testcase.HomePageTest.login()'><b>login</b><br>Test class: lixuan.testcase.HomePageTest</td>
<td></td>
<td>0</td>
<td>lixuan.testcase.HomePageTest@721e0f4f</td></tr>
<tr>
<td title='lixuan.testcase.HomePageTest.login()'><b>login</b><br>Test class: lixuan.testcase.HomePageTest</td>
<td></td>
<td>0</td>
<td>lixuan.testcase.HomePageTest@721e0f4f</td></tr>
<tr>
<td title='lixuan.testcase.HomePageTest.login()'><b>login</b><br>Test class: lixuan.testcase.HomePageTest</td>
<td></td>
<td>0</td>
<td>lixuan.testcase.HomePageTest@721e0f4f</td></tr>
<tr>
<td title='lixuan.testcase.HomePageTest.tearDown()'><b>tearDown</b><br>Test class: lixuan.testcase.HomePageTest</td>
<td></td>
<td>0</td>
<td>lixuan.testcase.HomePageTest@721e0f4f</td></tr>
</table><p>
<table width='100%' border='1' class='invocation-passed'>
<tr><td colspan='4' align='center'><b>PASSED TESTS</b></td></tr>
<tr><td><b>Test method</b></td>
<td width="30%"><b>Exception</b></td>
<td width="10%"><b>Time (seconds)</b></td>
<td><b>Instance</b></td>
</tr>
<tr>
<td title='lixuan.testcase.HomePageTest.edit_nickname()'><b>edit_nickname</b><br>Test class: lixuan.testcase.HomePageTest</td>
<td></td>
<td>16</td>
<td>lixuan.testcase.HomePageTest@721e0f4f</td></tr>
<tr>
<td title='lixuan.testcase.HomePageTest.invitationItem_test()'><b>invitationItem_test</b><br>Test class: lixuan.testcase.HomePageTest</td>
<td></td>
<td>11</td>
<td>lixuan.testcase.HomePageTest@721e0f4f</td></tr>
<tr>
<td title='lixuan.testcase.HomePageTest.invitation_comment()'><b>invitation_comment</b><br>Test class: lixuan.testcase.HomePageTest<br>Parameters: 没有乱码了</td>
<td></td>
<td>17</td>
<td>lixuan.testcase.HomePageTest@721e0f4f</td></tr>
<tr>
<td title='lixuan.testcase.HomePageTest.invitation_comment()'><b>invitation_comment</b><br>Test class: lixuan.testcase.HomePageTest<br>Parameters: helloworld</td>
<td></td>
<td>17</td>
<td>lixuan.testcase.HomePageTest@721e0f4f</td></tr>
<tr>
<td title='lixuan.testcase.HomePageTest.invitation_test()'><b>invitation_test</b><br>Test class: lixuan.testcase.HomePageTest</td>
<td></td>
<td>13</td>
<td>lixuan.testcase.HomePageTest@721e0f4f</td></tr>
</table><p>
<table width='100%' border='1' class='invocation-skipped'>
<tr><td colspan='4' align='center'><b>SKIPPED TESTS</b></td></tr>
<tr><td><b>Test method</b></td>
<td width="30%"><b>Exception</b></td>
<td width="10%"><b>Time (seconds)</b></td>
<td><b>Instance</b></td>
</tr>
<tr>
<td title='lixuan.testcase.HomePageTest.addchidrenfail()'><b>addchidrenfail</b><br>Test class: lixuan.testcase.HomePageTest<br>Parameters: 1234567890, 1998, 4, 10</td>
<td></td>
<td>0</td>
<td>lixuan.testcase.HomePageTest@721e0f4f</td></tr>
<tr>
<td title='lixuan.testcase.HomePageTest.addchidrenfail()'><b>addchidrenfail</b><br>Test class: lixuan.testcase.HomePageTest<br>Parameters: 陈小猛, 2999, 4, 10</td>
<td></td>
<td>0</td>
<td>lixuan.testcase.HomePageTest@721e0f4f</td></tr>
<tr>
<td title='lixuan.testcase.HomePageTest.addchidrenfail()'><b>addchidrenfail</b><br>Test class: lixuan.testcase.HomePageTest<br>Parameters: 陈小猛, 1998, 40, 10</td>
<td></td>
<td>0</td>
<td>lixuan.testcase.HomePageTest@721e0f4f</td></tr>
<tr>
<td title='lixuan.testcase.HomePageTest.addchidrenfail()'><b>addchidrenfail</b><br>Test class: lixuan.testcase.HomePageTest<br>Parameters: 陈小猛, 1998, 4, 40</td>
<td></td>
<td>0</td>
<td>lixuan.testcase.HomePageTest@721e0f4f</td></tr>
<tr>
<td title='lixuan.testcase.HomePageTest.addchidrensuccess()'><b>addchidrensuccess</b><br>Test class: lixuan.testcase.HomePageTest<br>Parameters: 陈小猛, 1998, 4, 10</td>
<td></td>
<td>0</td>
<td>lixuan.testcase.HomePageTest@721e0f4f</td></tr>
<tr>
<td title='lixuan.testcase.HomePageTest.addchidrensuccess()'><b>addchidrensuccess</b><br>Test class: lixuan.testcase.HomePageTest<br>Parameters: chenmeng, 1998, 4, 10</td>
<td></td>
<td>0</td>
<td>lixuan.testcase.HomePageTest@721e0f4f</td></tr>
<tr>
<td title='lixuan.testcase.HomePageTest.addchidrensuccess()'><b>addchidrensuccess</b><br>Test class: lixuan.testcase.HomePageTest<br>Parameters: ,!@%, 1998, 4, 10</td>
<td></td>
<td>0</td>
<td>lixuan.testcase.HomePageTest@721e0f4f</td></tr>
<tr>
<td title='lixuan.testcase.HomePageTest.addchidrensuccess()'><b>addchidrensuccess</b><br>Test class: lixuan.testcase.HomePageTest<br>Parameters: 陈12@#me, 1998, 4, 10</td>
<td></td>
<td>0</td>
<td>lixuan.testcase.HomePageTest@721e0f4f</td></tr>
<tr>
<td title='lixuan.testcase.HomePageTest.deletechildren_no()'><b>deletechildren_no</b><br>Test class: lixuan.testcase.HomePageTest</td>
<td></td>
<td>0</td>
<td>lixuan.testcase.HomePageTest@721e0f4f</td></tr>
<tr>
<td title='lixuan.testcase.HomePageTest.deletechildren_ok()'><b>deletechildren_ok</b><br>Test class: lixuan.testcase.HomePageTest</td>
<td></td>
<td>0</td>
<td>lixuan.testcase.HomePageTest@721e0f4f</td></tr>
<tr>
<td title='lixuan.testcase.HomePageTest.edit_childbirthday()'><b>edit_childbirthday</b><br>Test class: lixuan.testcase.HomePageTest</td>
<td></td>
<td>0</td>
<td>lixuan.testcase.HomePageTest@721e0f4f</td></tr>
<tr>
<td title='lixuan.testcase.HomePageTest.edit_childnickname()'><b>edit_childnickname</b><br>Test class: lixuan.testcase.HomePageTest</td>
<td></td>
<td>0</td>
<td>lixuan.testcase.HomePageTest@721e0f4f</td></tr>
<tr>
<td title='lixuan.testcase.HomePageTest.invitation_comment()'><b>invitation_comment</b><br>Test class: lixuan.testcase.HomePageTest<br>Parameters: 123&(((&^</td>
<td></td>
<td>0</td>
<td>lixuan.testcase.HomePageTest@721e0f4f</td></tr>
<tr>
<td title='lixuan.testcase.HomePageTest.invitation_comment()'><b>invitation_comment</b><br>Test class: lixuan.testcase.HomePageTest<br>Parameters: 124&(^hell你好</td>
<td></td>
<td>0</td>
<td>lixuan.testcase.HomePageTest@721e0f4f</td></tr>
<tr>
<td title='lixuan.testcase.HomePageTest.invitation_comment1()'><b>invitation_comment1</b><br>Test class: lixuan.testcase.HomePageTest<br>Parameters: 没有乱码了</td>
<td></td>
<td>0</td>
<td>lixuan.testcase.HomePageTest@721e0f4f</td></tr>
<tr>
<td title='lixuan.testcase.HomePageTest.invitation_comment1()'><b>invitation_comment1</b><br>Test class: lixuan.testcase.HomePageTest<br>Parameters: helloworld</td>
<td></td>
<td>0</td>
<td>lixuan.testcase.HomePageTest@721e0f4f</td></tr>
<tr>
<td title='lixuan.testcase.HomePageTest.invitation_comment1()'><b>invitation_comment1</b><br>Test class: lixuan.testcase.HomePageTest<br>Parameters: 123&(((&^</td>
<td></td>
<td>0</td>
<td>lixuan.testcase.HomePageTest@721e0f4f</td></tr>
<tr>
<td title='lixuan.testcase.HomePageTest.invitation_comment1()'><b>invitation_comment1</b><br>Test class: lixuan.testcase.HomePageTest<br>Parameters: 124&(^hell你好</td>
<td></td>
<td>0</td>
<td>lixuan.testcase.HomePageTest@721e0f4f</td></tr>
</table><p>
</body>
</html>