<?xml version="1.0" encoding="UTF-8"?>
<!-- Generated by org.testng.reporters.JUnitXMLReporter -->
<testsuite hostname="DESKTOP-QMO9A9N" name="Regression1" tests="51" failures="0" timestamp="18 Dec 2019 01:47:34 GMT" time="1185.403" errors="0">
  <testcase name="foodcart" time="50.184" classname="guoxiaoli.Demo"/>
  <testcase name="foodbuy" time="35.847" classname="guoxiaoli.Demo"/>
  <testcase name="jiajucart" time="170.64" classname="guoxiaoli.Demo"/>
  <testcase name="jiajubuy" time="35.33" classname="guoxiaoli.Demo"/>
  <testcase name="bagcart" time="63.126" classname="guoxiaoli.Demo"/>
  <testcase name="bagbuy" time="34.142" classname="guoxiaoli.Demo"/>
  <testcase name="backstage" time="14.923" classname="guoxiaoli.Demo"/>
  <testcase name="login" time="11.31" classname="guoxiaoli.Demo1"/>
  <testcase name="xitong" time="6.883" classname="guoxiaoli.Demo1"/>
  <testcase name="netset" time="14.116" classname="guoxiaoli.Demo1"/>
  <testcase name="delivery" time="18.607" classname="guoxiaoli.Demo1"/>
  <testcase name="delivery" time="14.911" classname="guoxiaoli.Demo1"/>
  <testcase name="delivery" time="14.951" classname="guoxiaoli.Demo1"/>
  <testcase name="freight" time="5.036" classname="guoxiaoli.Demo1"/>
  <testcase name="freight" time="15.494" classname="guoxiaoli.Demo1"/>
  <testcase name="freight" time="11.706" classname="guoxiaoli.Demo1"/>
  <testcase name="freight" time="13.87" classname="guoxiaoli.Demo1"/>
  <testcase name="freight" time="11.859" classname="guoxiaoli.Demo1"/>
  <testcase name="freight" time="12.567" classname="guoxiaoli.Demo1"/>
  <testcase name="freight" time="13.146" classname="guoxiaoli.Demo1"/>
  <testcase name="takeself" time="12.094" classname="guoxiaoli.Demo1"/>
  <testcase name="takeself" time="22.085" classname="guoxiaoli.Demo1"/>
  <testcase name="takeself" time="14.672" classname="guoxiaoli.Demo1"/>
  <testcase name="takeself" time="20.815" classname="guoxiaoli.Demo1"/>
  <testcase name="takeself" time="12.357" classname="guoxiaoli.Demo1"/>
  <testcase name="takeself" time="22.559" classname="guoxiaoli.Demo1"/>
  <testcase name="takeself" time="12.024" classname="guoxiaoli.Demo1"/>
  <testcase name="takeself" time="19.495" classname="guoxiaoli.Demo1"/>
  <testcase name="takeself" time="12.07" classname="guoxiaoli.Demo1"/>
  <testcase name="db" time="8.357" classname="guoxiaoli.Demo1"/>
  <testcase name="addarticle" time="21.005" classname="guoxiaoli.Demo1"/>
  <testcase name="addarticle" time="20.758" classname="guoxiaoli.Demo1"/>
  <testcase name="addarticle" time="20.759" classname="guoxiaoli.Demo1"/>
  <testcase name="addarticle" time="21.477" classname="guoxiaoli.Demo1"/>
  <testcase name="addarticle" time="21.862" classname="guoxiaoli.Demo1"/>
  <testcase name="addarticle" time="21.97" classname="guoxiaoli.Demo1"/>
  <testcase name="addarticle" time="22.323" classname="guoxiaoli.Demo1"/>
  <testcase name="addarticle" time="21.979" classname="guoxiaoli.Demo1"/>
  <testcase name="addarticle" time="22.244" classname="guoxiaoli.Demo1"/>
  <testcase name="addarticle" time="21.941" classname="guoxiaoli.Demo1"/>
  <testcase name="setpassowrd" time="6.349" classname="guoxiaoli.Demo1"/>
  <testcase name="setpassowrd" time="6.343" classname="guoxiaoli.Demo1"/>
  <testcase name="setpassowrd" time="6.361" classname="guoxiaoli.Demo1"/>
  <testcase name="setpassowrd" time="6.392" classname="guoxiaoli.Demo1"/>
  <testcase name="setpassowrd" time="6.316" classname="guoxiaoli.Demo1"/>
  <testcase name="setpassowrd" time="6.24" classname="guoxiaoli.Demo1"/>
  <testcase name="setpassowrd" time="6.318" classname="guoxiaoli.Demo1"/>
  <testcase name="setback" time="6.254" classname="guoxiaoli.Demo1"/>
  <testcase name="setshop" time="6.351" classname="guoxiaoli.Demo1"/>
  <testcase name="setnav" time="6.782" classname="guoxiaoli.Demo1"/>
  <testcase name="setquit" time="6.214" classname="guoxiaoli.Demo1"/>
</testsuite> <!-- Regression1 -->
