<?xml version="1.0" encoding="UTF-8"?>
<testng-results skipped="0" failed="0" total="1" passed="1">
  <reporter-output>
  </reporter-output>
  <suite name="Default suite" duration-ms="83203" started-at="2020-04-28T00:46:08Z" finished-at="2020-04-28T00:47:31Z">
    <groups>
    </groups>
    <test name="Default test" duration-ms="83203" started-at="2020-04-28T00:46:08Z" finished-at="2020-04-28T00:47:31Z">
      <class name="guoxiaoli.testcase.LoginPageTest">
        <test-method status="PASS" signature="startUp()[pri:0, instance:guoxiaoli.testcase.LoginPageTest@591f989e]" name="startUp" is-config="true" duration-ms="70896" started-at="2020-04-28T08:46:08Z" finished-at="2020-04-28T08:47:19Z">
          <reporter-output>
          </reporter-output>
        </test-method> <!-- startUp -->
        <test-method status="PASS" signature="loginsuccess()[pri:1, instance:guoxiaoli.testcase.LoginPageTest@591f989e]" name="loginsuccess" duration-ms="12269" started-at="2020-04-28T08:47:19Z" finished-at="2020-04-28T08:47:31Z">
          <reporter-output>
          </reporter-output>
        </test-method> <!-- loginsuccess -->
      </class> <!-- guoxiaoli.testcase.LoginPageTest -->
    </test> <!-- Default test -->
  </suite> <!-- Default suite -->
</testng-results>
