<?xml version="1.0" encoding="UTF-8"?>
<testng-results skipped="18" failed="0" total="23" passed="5">
  <reporter-output>
  </reporter-output>
  <suite name="Default suite" duration-ms="150911" started-at="2020-04-23T02:53:20Z" finished-at="2020-04-23T02:55:51Z">
    <groups>
    </groups>
    <test name="Default test" duration-ms="150911" started-at="2020-04-23T02:53:20Z" finished-at="2020-04-23T02:55:51Z">
      <class name="lixuan.testcase.HomePageTest">
        <test-method status="PASS" signature="startUp()[pri:0, instance:lixuan.testcase.HomePageTest@721e0f4f]" name="startUp" is-config="true" duration-ms="20662" started-at="2020-04-23T10:53:20Z" finished-at="2020-04-23T10:53:41Z">
          <reporter-output>
          </reporter-output>
        </test-method> <!-- startUp -->
        <test-method status="PASS" signature="login()[pri:0, instance:lixuan.testcase.HomePageTest@721e0f4f]" name="login" is-config="true" duration-ms="14189" started-at="2020-04-23T10:53:41Z" finished-at="2020-04-23T10:53:55Z">
          <reporter-output>
          </reporter-output>
        </test-method> <!-- login -->
        <test-method status="PASS" signature="edit_nickname()[pri:1, instance:lixuan.testcase.HomePageTest@721e0f4f]" name="edit_nickname" duration-ms="16149" started-at="2020-04-23T10:53:55Z" finished-at="2020-04-23T10:54:11Z">
          <reporter-output>
          </reporter-output>
        </test-method> <!-- edit_nickname -->
        <test-method status="PASS" signature="login()[pri:0, instance:lixuan.testcase.HomePageTest@721e0f4f]" name="login" is-config="true" duration-ms="9961" started-at="2020-04-23T10:54:11Z" finished-at="2020-04-23T10:54:21Z">
          <reporter-output>
          </reporter-output>
        </test-method> <!-- login -->
        <test-method status="PASS" signature="invitationItem_test()[pri:2, instance:lixuan.testcase.HomePageTest@721e0f4f]" name="invitationItem_test" duration-ms="11637" started-at="2020-04-23T10:54:21Z" finished-at="2020-04-23T10:54:33Z">
          <reporter-output>
          </reporter-output>
        </test-method> <!-- invitationItem_test -->
        <test-method status="PASS" signature="login()[pri:0, instance:lixuan.testcase.HomePageTest@721e0f4f]" name="login" is-config="true" duration-ms="9693" started-at="2020-04-23T10:54:33Z" finished-at="2020-04-23T10:54:42Z">
          <reporter-output>
          </reporter-output>
        </test-method> <!-- login -->
        <test-method status="PASS" signature="invitation_test()[pri:3, instance:lixuan.testcase.HomePageTest@721e0f4f]" name="invitation_test" duration-ms="13815" started-at="2020-04-23T10:54:42Z" finished-at="2020-04-23T10:54:56Z">
          <reporter-output>
          </reporter-output>
        </test-method> <!-- invitation_test -->
        <test-method status="PASS" signature="login()[pri:0, instance:lixuan.testcase.HomePageTest@721e0f4f]" name="login" is-config="true" duration-ms="9363" started-at="2020-04-23T10:54:57Z" finished-at="2020-04-23T10:55:06Z">
          <reporter-output>
          </reporter-output>
        </test-method> <!-- login -->
        <test-method status="PASS" signature="invitation_comment(java.lang.String)[pri:4, instance:lixuan.testcase.HomePageTest@721e0f4f]" name="invitation_comment" duration-ms="17400" started-at="2020-04-23T10:55:06Z" data-provider="test1" finished-at="2020-04-23T10:55:23Z">
          <params>
            <param index="0">
              <value>
                <![CDATA[没有乱码了]]>
              </value>
            </param>
          </params>
          <reporter-output>
          </reporter-output>
        </test-method> <!-- invitation_comment -->
        <test-method status="PASS" signature="login()[pri:0, instance:lixuan.testcase.HomePageTest@721e0f4f]" name="login" is-config="true" duration-ms="9557" started-at="2020-04-23T10:55:23Z" finished-at="2020-04-23T10:55:33Z">
          <reporter-output>
          </reporter-output>
        </test-method> <!-- login -->
        <test-method status="PASS" signature="invitation_comment(java.lang.String)[pri:4, instance:lixuan.testcase.HomePageTest@721e0f4f]" name="invitation_comment" duration-ms="17142" started-at="2020-04-23T10:55:33Z" data-provider="test1" finished-at="2020-04-23T10:55:50Z">
          <params>
            <param index="0">
              <value>
                <![CDATA[helloworld]]>
              </value>
            </param>
          </params>
          <reporter-output>
          </reporter-output>
        </test-method> <!-- invitation_comment -->
        <test-method status="FAIL" signature="login()[pri:0, instance:lixuan.testcase.HomePageTest@721e0f4f]" name="login" is-config="true" duration-ms="0" started-at="2020-04-23T10:55:50Z" finished-at="2020-04-23T10:55:50Z">
          <exception class="org.openqa.selenium.WebDriverException">
            <message>
              <![CDATA[An unknown server-side error occurred while processing the command. Original error: Could not proxy command to remote server. Original error: Error: socket hang up
Build info: version: '3.141.59', revision: 'e82be7d358', time: '2018-11-14T08:25:53'
System info: host: 'LAPTOP-F5KEPJ0F', ip: '169.254.41.41', os.name: 'Windows 10', os.arch: 'amd64', os.version: '10.0', java.version: '1.8.0_73'
Driver info: io.appium.java_client.android.AndroidDriver
Capabilities {appActivity: .Host.WelcomeActivity, appPackage: com.example.lenovo.maandroid, databaseEnabled: false, desired: {appActivity: .Host.WelcomeActivity, appPackage: com.example.lenovo.maandroid, deviceName: bc9111f, noReset: true, platformName: android}, deviceApiLevel: 28, deviceManufacturer: vivo, deviceModel: V1813BT, deviceName: bc9111f, deviceScreenDensity: 480, deviceScreenSize: 1080x2280, deviceUDID: bc9111f, javascriptEnabled: true, locationContextEnabled: false, networkConnectionEnabled: true, noReset: true, pixelRatio: 3, platform: LINUX, platformName: Android, platformVersion: 9, statBarHeight: 84, takesScreenshot: true, viewportRect: {height: 2123, left: 0, top: 84, width: 1080}, warnings: {}, webStorageEnabled: false}
Session ID: b1c17669-424e-4b57-98aa-681d7c8fbfa2
*** Element info: {Using=id, value=et_userPhone}]]>
            </message>
            <full-stacktrace>
              <![CDATA[org.openqa.selenium.WebDriverException: An unknown server-side error occurred while processing the command. Original error: Could not proxy command to remote server. Original error: Error: socket hang up
Build info: version: '3.141.59', revision: 'e82be7d358', time: '2018-11-14T08:25:53'
System info: host: 'LAPTOP-F5KEPJ0F', ip: '169.254.41.41', os.name: 'Windows 10', os.arch: 'amd64', os.version: '10.0', java.version: '1.8.0_73'
Driver info: io.appium.java_client.android.AndroidDriver
Capabilities {appActivity: .Host.WelcomeActivity, appPackage: com.example.lenovo.maandroid, databaseEnabled: false, desired: {appActivity: .Host.WelcomeActivity, appPackage: com.example.lenovo.maandroid, deviceName: bc9111f, noReset: true, platformName: android}, deviceApiLevel: 28, deviceManufacturer: vivo, deviceModel: V1813BT, deviceName: bc9111f, deviceScreenDensity: 480, deviceScreenSize: 1080x2280, deviceUDID: bc9111f, javascriptEnabled: true, locationContextEnabled: false, networkConnectionEnabled: true, noReset: true, pixelRatio: 3, platform: LINUX, platformName: Android, platformVersion: 9, statBarHeight: 84, takesScreenshot: true, viewportRect: {height: 2123, left: 0, top: 84, width: 1080}, warnings: {}, webStorageEnabled: false}
Session ID: b1c17669-424e-4b57-98aa-681d7c8fbfa2
*** Element info: {Using=id, value=et_userPhone}
	at sun.reflect.NativeConstructorAccessorImpl.newInstance0(Native Method)
	at sun.reflect.NativeConstructorAccessorImpl.newInstance(NativeConstructorAccessorImpl.java:62)
	at sun.reflect.DelegatingConstructorAccessorImpl.newInstance(DelegatingConstructorAccessorImpl.java:45)
	at java.lang.reflect.Constructor.newInstance(Constructor.java:422)
	at org.openqa.selenium.remote.http.W3CHttpResponseCodec.createException(W3CHttpResponseCodec.java:187)
	at org.openqa.selenium.remote.http.W3CHttpResponseCodec.decode(W3CHttpResponseCodec.java:122)
	at org.openqa.selenium.remote.http.W3CHttpResponseCodec.decode(W3CHttpResponseCodec.java:49)
	at org.openqa.selenium.remote.HttpCommandExecutor.execute(HttpCommandExecutor.java:158)
	at io.appium.java_client.remote.AppiumCommandExecutor.execute(AppiumCommandExecutor.java:239)
	at org.openqa.selenium.remote.RemoteWebDriver.execute(RemoteWebDriver.java:552)
	at io.appium.java_client.DefaultGenericMobileDriver.execute(DefaultGenericMobileDriver.java:41)
	at io.appium.java_client.AppiumDriver.execute(AppiumDriver.java:1)
	at io.appium.java_client.android.AndroidDriver.execute(AndroidDriver.java:1)
	at org.openqa.selenium.remote.RemoteWebDriver.findElement(RemoteWebDriver.java:323)
	at io.appium.java_client.DefaultGenericMobileDriver.findElement(DefaultGenericMobileDriver.java:61)
	at io.appium.java_client.AppiumDriver.findElement(AppiumDriver.java:1)
	at io.appium.java_client.android.AndroidDriver.findElement(AndroidDriver.java:1)
	at org.openqa.selenium.remote.RemoteWebDriver.findElementById(RemoteWebDriver.java:372)
	at io.appium.java_client.DefaultGenericMobileDriver.findElementById(DefaultGenericMobileDriver.java:69)
	at io.appium.java_client.AppiumDriver.findElementById(AppiumDriver.java:1)
	at io.appium.java_client.android.AndroidDriver.findElementById(AndroidDriver.java:1)
	at lixuan.pages.LoginPage.edit_username(LoginPage.java:18)
	at lixuan.pages.LoginPage.loginSuccess(LoginPage.java:31)
	at lixuan.testcase.HomePageTest.login(HomePageTest.java:21)
	at sun.reflect.NativeMethodAccessorImpl.invoke0(Native Method)
	at sun.reflect.NativeMethodAccessorImpl.invoke(NativeMethodAccessorImpl.java:62)
	at sun.reflect.DelegatingMethodAccessorImpl.invoke(DelegatingMethodAccessorImpl.java:43)
	at java.lang.reflect.Method.invoke(Method.java:497)
	at org.testng.internal.MethodInvocationHelper.invokeMethod(MethodInvocationHelper.java:86)
	at org.testng.internal.Invoker.invokeConfigurationMethod(Invoker.java:514)
	at org.testng.internal.Invoker.invokeConfigurations(Invoker.java:215)
	at org.testng.internal.Invoker.invokeMethod(Invoker.java:589)
	at org.testng.internal.Invoker.invokeTestMethod(Invoker.java:822)
	at org.testng.internal.Invoker.invokeTestMethods(Invoker.java:1130)
	at org.testng.internal.TestMethodWorker.invokeTestMethods(TestMethodWorker.java:129)
	at org.testng.internal.TestMethodWorker.run(TestMethodWorker.java:112)
	at org.testng.TestRunner.privateRun(TestRunner.java:782)
	at org.testng.TestRunner.run(TestRunner.java:632)
	at org.testng.SuiteRunner.runTest(SuiteRunner.java:366)
	at org.testng.SuiteRunner.runSequentially(SuiteRunner.java:361)
	at org.testng.SuiteRunner.privateRun(SuiteRunner.java:319)
	at org.testng.SuiteRunner.run(SuiteRunner.java:268)
	at org.testng.SuiteRunnerWorker.runSuite(SuiteRunnerWorker.java:52)
	at org.testng.SuiteRunnerWorker.run(SuiteRunnerWorker.java:86)
	at org.testng.TestNG.runSuitesSequentially(TestNG.java:1244)
	at org.testng.TestNG.runSuitesLocally(TestNG.java:1169)
	at org.testng.TestNG.run(TestNG.java:1064)
	at org.testng.remote.RemoteTestNG.run(RemoteTestNG.java:113)
	at org.testng.remote.RemoteTestNG.initAndRun(RemoteTestNG.java:206)
	at org.testng.remote.RemoteTestNG.main(RemoteTestNG.java:177)
]]>
            </full-stacktrace>
          </exception> <!-- org.openqa.selenium.WebDriverException -->
          <reporter-output>
          </reporter-output>
        </test-method> <!-- login -->
        <test-method status="SKIP" signature="invitation_comment(java.lang.String)[pri:4, instance:lixuan.testcase.HomePageTest@721e0f4f]" name="invitation_comment" duration-ms="1" started-at="2020-04-23T10:55:50Z" data-provider="test1" finished-at="2020-04-23T10:55:50Z">
          <params>
            <param index="0">
              <value>
                <![CDATA[123&(((&^]]>
              </value>
            </param>
          </params>
          <reporter-output>
          </reporter-output>
        </test-method> <!-- invitation_comment -->
        <test-method status="SKIP" signature="login()[pri:0, instance:lixuan.testcase.HomePageTest@721e0f4f]" name="login" is-config="true" duration-ms="0" started-at="2020-04-23T10:55:50Z" finished-at="2020-04-23T10:55:50Z">
          <reporter-output>
          </reporter-output>
        </test-method> <!-- login -->
        <test-method status="SKIP" signature="invitation_comment(java.lang.String)[pri:4, instance:lixuan.testcase.HomePageTest@721e0f4f]" name="invitation_comment" duration-ms="1" started-at="2020-04-23T10:55:50Z" data-provider="test1" finished-at="2020-04-23T10:55:50Z">
          <params>
            <param index="0">
              <value>
                <![CDATA[124&(^hell你好]]>
              </value>
            </param>
          </params>
          <reporter-output>
          </reporter-output>
        </test-method> <!-- invitation_comment -->
        <test-method status="SKIP" signature="login()[pri:0, instance:lixuan.testcase.HomePageTest@721e0f4f]" name="login" is-config="true" duration-ms="0" started-at="2020-04-23T10:55:50Z" finished-at="2020-04-23T10:55:50Z">
          <reporter-output>
          </reporter-output>
        </test-method> <!-- login -->
        <test-method status="SKIP" signature="invitation_comment1(java.lang.String)[pri:5, instance:lixuan.testcase.HomePageTest@721e0f4f]" name="invitation_comment1" duration-ms="0" started-at="2020-04-23T10:55:50Z" data-provider="test2" finished-at="2020-04-23T10:55:50Z">
          <params>
            <param index="0">
              <value>
                <![CDATA[没有乱码了]]>
              </value>
            </param>
          </params>
          <reporter-output>
          </reporter-output>
        </test-method> <!-- invitation_comment1 -->
        <test-method status="SKIP" signature="login()[pri:0, instance:lixuan.testcase.HomePageTest@721e0f4f]" name="login" is-config="true" duration-ms="0" started-at="2020-04-23T10:55:50Z" finished-at="2020-04-23T10:55:50Z">
          <reporter-output>
          </reporter-output>
        </test-method> <!-- login -->
        <test-method status="SKIP" signature="invitation_comment1(java.lang.String)[pri:5, instance:lixuan.testcase.HomePageTest@721e0f4f]" name="invitation_comment1" duration-ms="1" started-at="2020-04-23T10:55:50Z" data-provider="test2" finished-at="2020-04-23T10:55:50Z">
          <params>
            <param index="0">
              <value>
                <![CDATA[helloworld]]>
              </value>
            </param>
          </params>
          <reporter-output>
          </reporter-output>
        </test-method> <!-- invitation_comment1 -->
        <test-method status="SKIP" signature="login()[pri:0, instance:lixuan.testcase.HomePageTest@721e0f4f]" name="login" is-config="true" duration-ms="0" started-at="2020-04-23T10:55:50Z" finished-at="2020-04-23T10:55:50Z">
          <reporter-output>
          </reporter-output>
        </test-method> <!-- login -->
        <test-method status="SKIP" signature="invitation_comment1(java.lang.String)[pri:5, instance:lixuan.testcase.HomePageTest@721e0f4f]" name="invitation_comment1" duration-ms="0" started-at="2020-04-23T10:55:50Z" data-provider="test2" finished-at="2020-04-23T10:55:50Z">
          <params>
            <param index="0">
              <value>
                <![CDATA[123&(((&^]]>
              </value>
            </param>
          </params>
          <reporter-output>
          </reporter-output>
        </test-method> <!-- invitation_comment1 -->
        <test-method status="SKIP" signature="login()[pri:0, instance:lixuan.testcase.HomePageTest@721e0f4f]" name="login" is-config="true" duration-ms="0" started-at="2020-04-23T10:55:50Z" finished-at="2020-04-23T10:55:50Z">
          <reporter-output>
          </reporter-output>
        </test-method> <!-- login -->
        <test-method status="SKIP" signature="invitation_comment1(java.lang.String)[pri:5, instance:lixuan.testcase.HomePageTest@721e0f4f]" name="invitation_comment1" duration-ms="1" started-at="2020-04-23T10:55:50Z" data-provider="test2" finished-at="2020-04-23T10:55:50Z">
          <params>
            <param index="0">
              <value>
                <![CDATA[124&(^hell你好]]>
              </value>
            </param>
          </params>
          <reporter-output>
          </reporter-output>
        </test-method> <!-- invitation_comment1 -->
        <test-method status="SKIP" signature="login()[pri:0, instance:lixuan.testcase.HomePageTest@721e0f4f]" name="login" is-config="true" duration-ms="0" started-at="2020-04-23T10:55:51Z" finished-at="2020-04-23T10:55:51Z">
          <reporter-output>
          </reporter-output>
        </test-method> <!-- login -->
        <test-method status="SKIP" signature="addchidrensuccess(java.lang.String, java.lang.String, java.lang.String, java.lang.String)[pri:6, instance:lixuan.testcase.HomePageTest@721e0f4f]" name="addchidrensuccess" duration-ms="4" started-at="2020-04-23T10:55:51Z" data-provider="test3" finished-at="2020-04-23T10:55:51Z">
          <params>
            <param index="0">
              <value>
                <![CDATA[陈小猛]]>
              </value>
            </param>
            <param index="1">
              <value>
                <![CDATA[1998]]>
              </value>
            </param>
            <param index="2">
              <value>
                <![CDATA[4]]>
              </value>
            </param>
            <param index="3">
              <value>
                <![CDATA[10]]>
              </value>
            </param>
          </params>
          <reporter-output>
          </reporter-output>
        </test-method> <!-- addchidrensuccess -->
        <test-method status="SKIP" signature="login()[pri:0, instance:lixuan.testcase.HomePageTest@721e0f4f]" name="login" is-config="true" duration-ms="0" started-at="2020-04-23T10:55:51Z" finished-at="2020-04-23T10:55:51Z">
          <reporter-output>
          </reporter-output>
        </test-method> <!-- login -->
        <test-method status="SKIP" signature="addchidrensuccess(java.lang.String, java.lang.String, java.lang.String, java.lang.String)[pri:6, instance:lixuan.testcase.HomePageTest@721e0f4f]" name="addchidrensuccess" duration-ms="13" started-at="2020-04-23T10:55:51Z" data-provider="test3" finished-at="2020-04-23T10:55:51Z">
          <params>
            <param index="0">
              <value>
                <![CDATA[chenmeng]]>
              </value>
            </param>
            <param index="1">
              <value>
                <![CDATA[1998]]>
              </value>
            </param>
            <param index="2">
              <value>
                <![CDATA[4]]>
              </value>
            </param>
            <param index="3">
              <value>
                <![CDATA[10]]>
              </value>
            </param>
          </params>
          <reporter-output>
          </reporter-output>
        </test-method> <!-- addchidrensuccess -->
        <test-method status="SKIP" signature="login()[pri:0, instance:lixuan.testcase.HomePageTest@721e0f4f]" name="login" is-config="true" duration-ms="0" started-at="2020-04-23T10:55:51Z" finished-at="2020-04-23T10:55:51Z">
          <reporter-output>
          </reporter-output>
        </test-method> <!-- login -->
        <test-method status="SKIP" signature="addchidrensuccess(java.lang.String, java.lang.String, java.lang.String, java.lang.String)[pri:6, instance:lixuan.testcase.HomePageTest@721e0f4f]" name="addchidrensuccess" duration-ms="6" started-at="2020-04-23T10:55:51Z" data-provider="test3" finished-at="2020-04-23T10:55:51Z">
          <params>
            <param index="0">
              <value>
                <![CDATA[,!@%]]>
              </value>
            </param>
            <param index="1">
              <value>
                <![CDATA[1998]]>
              </value>
            </param>
            <param index="2">
              <value>
                <![CDATA[4]]>
              </value>
            </param>
            <param index="3">
              <value>
                <![CDATA[10]]>
              </value>
            </param>
          </params>
          <reporter-output>
          </reporter-output>
        </test-method> <!-- addchidrensuccess -->
        <test-method status="SKIP" signature="login()[pri:0, instance:lixuan.testcase.HomePageTest@721e0f4f]" name="login" is-config="true" duration-ms="0" started-at="2020-04-23T10:55:51Z" finished-at="2020-04-23T10:55:51Z">
          <reporter-output>
          </reporter-output>
        </test-method> <!-- login -->
        <test-method status="SKIP" signature="addchidrensuccess(java.lang.String, java.lang.String, java.lang.String, java.lang.String)[pri:6, instance:lixuan.testcase.HomePageTest@721e0f4f]" name="addchidrensuccess" duration-ms="0" started-at="2020-04-23T10:55:51Z" data-provider="test3" finished-at="2020-04-23T10:55:51Z">
          <params>
            <param index="0">
              <value>
                <![CDATA[陈12@#me]]>
              </value>
            </param>
            <param index="1">
              <value>
                <![CDATA[1998]]>
              </value>
            </param>
            <param index="2">
              <value>
                <![CDATA[4]]>
              </value>
            </param>
            <param index="3">
              <value>
                <![CDATA[10]]>
              </value>
            </param>
          </params>
          <reporter-output>
          </reporter-output>
        </test-method> <!-- addchidrensuccess -->
        <test-method status="SKIP" signature="login()[pri:0, instance:lixuan.testcase.HomePageTest@721e0f4f]" name="login" is-config="true" duration-ms="0" started-at="2020-04-23T10:55:51Z" finished-at="2020-04-23T10:55:51Z">
          <reporter-output>
          </reporter-output>
        </test-method> <!-- login -->
        <test-method status="SKIP" signature="addchidrenfail(java.lang.String, java.lang.String, java.lang.String, java.lang.String)[pri:7, instance:lixuan.testcase.HomePageTest@721e0f4f]" name="addchidrenfail" duration-ms="9" started-at="2020-04-23T10:55:51Z" data-provider="test4" finished-at="2020-04-23T10:55:51Z">
          <params>
            <param index="0">
              <value>
                <![CDATA[1234567890]]>
              </value>
            </param>
            <param index="1">
              <value>
                <![CDATA[1998]]>
              </value>
            </param>
            <param index="2">
              <value>
                <![CDATA[4]]>
              </value>
            </param>
            <param index="3">
              <value>
                <![CDATA[10]]>
              </value>
            </param>
          </params>
          <reporter-output>
          </reporter-output>
        </test-method> <!-- addchidrenfail -->
        <test-method status="SKIP" signature="login()[pri:0, instance:lixuan.testcase.HomePageTest@721e0f4f]" name="login" is-config="true" duration-ms="0" started-at="2020-04-23T10:55:51Z" finished-at="2020-04-23T10:55:51Z">
          <reporter-output>
          </reporter-output>
        </test-method> <!-- login -->
        <test-method status="SKIP" signature="addchidrenfail(java.lang.String, java.lang.String, java.lang.String, java.lang.String)[pri:7, instance:lixuan.testcase.HomePageTest@721e0f4f]" name="addchidrenfail" duration-ms="0" started-at="2020-04-23T10:55:51Z" data-provider="test4" finished-at="2020-04-23T10:55:51Z">
          <params>
            <param index="0">
              <value>
                <![CDATA[陈小猛]]>
              </value>
            </param>
            <param index="1">
              <value>
                <![CDATA[2999]]>
              </value>
            </param>
            <param index="2">
              <value>
                <![CDATA[4]]>
              </value>
            </param>
            <param index="3">
              <value>
                <![CDATA[10]]>
              </value>
            </param>
          </params>
          <reporter-output>
          </reporter-output>
        </test-method> <!-- addchidrenfail -->
        <test-method status="SKIP" signature="addchidrenfail(java.lang.String, java.lang.String, java.lang.String, java.lang.String)[pri:7, instance:lixuan.testcase.HomePageTest@721e0f4f]" name="addchidrenfail" duration-ms="1" started-at="2020-04-23T10:55:51Z" data-provider="test4" finished-at="2020-04-23T10:55:51Z">
          <params>
            <param index="0">
              <value>
                <![CDATA[陈小猛]]>
              </value>
            </param>
            <param index="1">
              <value>
                <![CDATA[1998]]>
              </value>
            </param>
            <param index="2">
              <value>
                <![CDATA[40]]>
              </value>
            </param>
            <param index="3">
              <value>
                <![CDATA[10]]>
              </value>
            </param>
          </params>
          <reporter-output>
          </reporter-output>
        </test-method> <!-- addchidrenfail -->
        <test-method status="SKIP" signature="login()[pri:0, instance:lixuan.testcase.HomePageTest@721e0f4f]" name="login" is-config="true" duration-ms="0" started-at="2020-04-23T10:55:51Z" finished-at="2020-04-23T10:55:51Z">
          <reporter-output>
          </reporter-output>
        </test-method> <!-- login -->
        <test-method status="SKIP" signature="login()[pri:0, instance:lixuan.testcase.HomePageTest@721e0f4f]" name="login" is-config="true" duration-ms="0" started-at="2020-04-23T10:55:51Z" finished-at="2020-04-23T10:55:51Z">
          <reporter-output>
          </reporter-output>
        </test-method> <!-- login -->
        <test-method status="SKIP" signature="addchidrenfail(java.lang.String, java.lang.String, java.lang.String, java.lang.String)[pri:7, instance:lixuan.testcase.HomePageTest@721e0f4f]" name="addchidrenfail" duration-ms="0" started-at="2020-04-23T10:55:51Z" data-provider="test4" finished-at="2020-04-23T10:55:51Z">
          <params>
            <param index="0">
              <value>
                <![CDATA[陈小猛]]>
              </value>
            </param>
            <param index="1">
              <value>
                <![CDATA[1998]]>
              </value>
            </param>
            <param index="2">
              <value>
                <![CDATA[4]]>
              </value>
            </param>
            <param index="3">
              <value>
                <![CDATA[40]]>
              </value>
            </param>
          </params>
          <reporter-output>
          </reporter-output>
        </test-method> <!-- addchidrenfail -->
        <test-method status="SKIP" signature="login()[pri:0, instance:lixuan.testcase.HomePageTest@721e0f4f]" name="login" is-config="true" duration-ms="0" started-at="2020-04-23T10:55:51Z" finished-at="2020-04-23T10:55:51Z">
          <reporter-output>
          </reporter-output>
        </test-method> <!-- login -->
        <test-method status="SKIP" signature="edit_childnickname()[pri:8, instance:lixuan.testcase.HomePageTest@721e0f4f]" name="edit_childnickname" duration-ms="0" started-at="2020-04-23T10:55:51Z" finished-at="2020-04-23T10:55:51Z">
          <reporter-output>
          </reporter-output>
        </test-method> <!-- edit_childnickname -->
        <test-method status="SKIP" signature="edit_childbirthday()[pri:9, instance:lixuan.testcase.HomePageTest@721e0f4f]" name="edit_childbirthday" duration-ms="1" started-at="2020-04-23T10:55:51Z" finished-at="2020-04-23T10:55:51Z">
          <reporter-output>
          </reporter-output>
        </test-method> <!-- edit_childbirthday -->
        <test-method status="SKIP" signature="login()[pri:0, instance:lixuan.testcase.HomePageTest@721e0f4f]" name="login" is-config="true" duration-ms="0" started-at="2020-04-23T10:55:51Z" finished-at="2020-04-23T10:55:51Z">
          <reporter-output>
          </reporter-output>
        </test-method> <!-- login -->
        <test-method status="SKIP" signature="login()[pri:0, instance:lixuan.testcase.HomePageTest@721e0f4f]" name="login" is-config="true" duration-ms="0" started-at="2020-04-23T10:55:51Z" finished-at="2020-04-23T10:55:51Z">
          <reporter-output>
          </reporter-output>
        </test-method> <!-- login -->
        <test-method status="SKIP" signature="deletechildren_ok()[pri:10, instance:lixuan.testcase.HomePageTest@721e0f4f]" name="deletechildren_ok" duration-ms="0" started-at="2020-04-23T10:55:51Z" finished-at="2020-04-23T10:55:51Z">
          <reporter-output>
          </reporter-output>
        </test-method> <!-- deletechildren_ok -->
        <test-method status="SKIP" signature="login()[pri:0, instance:lixuan.testcase.HomePageTest@721e0f4f]" name="login" is-config="true" duration-ms="0" started-at="2020-04-23T10:55:51Z" finished-at="2020-04-23T10:55:51Z">
          <reporter-output>
          </reporter-output>
        </test-method> <!-- login -->
        <test-method status="SKIP" signature="deletechildren_no()[pri:11, instance:lixuan.testcase.HomePageTest@721e0f4f]" name="deletechildren_no" duration-ms="1" started-at="2020-04-23T10:55:51Z" finished-at="2020-04-23T10:55:51Z">
          <reporter-output>
          </reporter-output>
        </test-method> <!-- deletechildren_no -->
        <test-method status="SKIP" signature="tearDown()[pri:0, instance:lixuan.testcase.HomePageTest@721e0f4f]" name="tearDown" is-config="true" duration-ms="0" started-at="2020-04-23T10:55:51Z" finished-at="2020-04-23T10:55:51Z">
          <reporter-output>
          </reporter-output>
        </test-method> <!-- tearDown -->
      </class> <!-- lixuan.testcase.HomePageTest -->
    </test> <!-- Default test -->
  </suite> <!-- Default suite -->
</testng-results>
